# JRE version: Java(TM) SE Runtime Environment (20.0.2+9) (build 20.0.2+9-78)
# Java VM: Java HotSpot(TM) 64-Bit Server VM (20.0.2+9-78, mixed mode, sharing, tiered, compressed oops, compressed class ptrs, g1 gc, windows-amd64)
GC Precious Log:
 CardTable entry size: 512
 Card Set container configuration: InlinePtr #cards 4 size 8 Array Of Cards #cards 16 size 48 Howl #buckets 8 coarsen threshold 3686 Howl Bitmap #cards 512 size 80 coarsen threshold 460 Card regions per heap region 1 cards per card region 4096
 CPUs: 12 total, 12 available
 Memory: 15713M
 Large Page Support: Disabled
 NUMA Support: Disabled
 Compressed Oops: Enabled (Zero based)
 Heap Region Size: 2M
 Heap Min Capacity: 8M
 Heap Initial Capacity: 246M
 Heap Max Capacity: 3930M
 Pre-touch: Disabled
 Parallel Workers: 10
 Concurrent Workers: 3
 Concurrent Refinement Workers: 10
 Periodic GC: Disabled
Heap:
 garbage-first heap   total 104448K, used 81403K [0x000000070a600000, 0x0000000800000000)
  region size 2048K, 16 young (32768K), 1 survivors (2048K)
 Metaspace       used 98655K, committed 99456K, reserved 1179648K
  class space    used 11402K, committed 11776K, reserved 1048576K
GC Heap History (20 events):
Event: 162.893 GC heap before
{Heap before GC invocations=160 (full 0):
 garbage-first heap   total 104448K, used 91632K [0x000000070a600000, 0x0000000800000000)
  region size 2048K, 20 young (40960K), 1 survivors (2048K)
 Metaspace       used 98614K, committed 99456K, reserved 1179648K
  class space    used 11399K, committed 11776K, reserved 1048576K
}
Event: 162.894 GC heap after
{Heap after GC invocations=161 (full 0):
 garbage-first heap   total 104448K, used 52718K [0x000000070a600000, 0x0000000800000000)
  region size 2048K, 1 young (2048K), 1 survivors (2048K)
 Metaspace       used 98614K, committed 99456K, reserved 1179648K
  class space    used 11399K, committed 11776K, reserved 1048576K
}
Event: 164.863 GC heap before
{Heap before GC invocations=162 (full 0):
 garbage-first heap   total 104448K, used 91630K [0x000000070a600000, 0x0000000800000000)
  region size 2048K, 20 young (40960K), 1 survivors (2048K)
 Metaspace       used 98614K, committed 99456K, reserved 1179648K
  class space    used 11399K, committed 11776K, reserved 1048576K
}
Event: 164.864 GC heap after
{Heap after GC invocations=163 (full 0):
 garbage-first heap   total 104448K, used 52720K [0x000000070a600000, 0x0000000800000000)
  region size 2048K, 1 young (2048K), 1 survivors (2048K)
 Metaspace       used 98614K, committed 99456K, reserved 1179648K
  class space    used 11399K, committed 11776K, reserved 1048576K
}
Event: 166.819 GC heap before
{Heap before GC invocations=163 (full 0):
 garbage-first heap   total 104448K, used 91632K [0x000000070a600000, 0x0000000800000000)
  region size 2048K, 20 young (40960K), 1 survivors (2048K)
 Metaspace       used 98614K, committed 99456K, reserved 1179648K
  class space    used 11399K, committed 11776K, reserved 1048576K
}
Event: 166.820 GC heap after
{Heap after GC invocations=164 (full 0):
 garbage-first heap   total 104448K, used 52722K [0x000000070a600000, 0x0000000800000000)
  region size 2048K, 1 young (2048K), 1 survivors (2048K)
 Metaspace       used 98614K, committed 99456K, reserved 1179648K
  class space    used 11399K, committed 11776K, reserved 1048576K
}
Event: 168.759 GC heap before
{Heap before GC invocations=165 (full 0):
 garbage-first heap   total 104448K, used 91634K [0x000000070a600000, 0x0000000800000000)
  region size 2048K, 20 young (40960K), 1 survivors (2048K)
 Metaspace       used 98614K, committed 99456K, reserved 1179648K
  class space    used 11399K, committed 11776K, reserved 1048576K
}
Event: 168.760 GC heap after
{Heap after GC invocations=166 (full 0):
 garbage-first heap   total 104448K, used 52722K [0x000000070a600000, 0x0000000800000000)
  region size 2048K, 1 young (2048K), 1 survivors (2048K)
 Metaspace       used 98614K, committed 99456K, reserved 1179648K
  class space    used 11399K, committed 11776K, reserved 1048576K
}
Event: 170.703 GC heap before
{Heap before GC invocations=166 (full 0):
 garbage-first heap   total 104448K, used 91634K [0x000000070a600000, 0x0000000800000000)
  region size 2048K, 20 young (40960K), 1 survivors (2048K)
 Metaspace       used 98614K, committed 99456K, reserved 1179648K
  class space    used 11399K, committed 11776K, reserved 1048576K
}
Event: 170.704 GC heap after
{Heap after GC invocations=167 (full 0):
 garbage-first heap   total 104448K, used 52727K [0x000000070a600000, 0x0000000800000000)
  region size 2048K, 1 young (2048K), 1 survivors (2048K)
 Metaspace       used 98614K, committed 99456K, reserved 1179648K
  class space    used 11399K, committed 11776K, reserved 1048576K
}
Event: 172.642 GC heap before
{Heap before GC invocations=168 (full 0):
 garbage-first heap   total 104448K, used 91639K [0x000000070a600000, 0x0000000800000000)
  region size 2048K, 20 young (40960K), 1 survivors (2048K)
 Metaspace       used 98615K, committed 99456K, reserved 1179648K
  class space    used 11399K, committed 11776K, reserved 1048576K
}
Event: 172.642 GC heap after
{Heap after GC invocations=169 (full 0):
 garbage-first heap   total 104448K, used 52727K [0x000000070a600000, 0x0000000800000000)
  region size 2048K, 1 young (2048K), 1 survivors (2048K)
 Metaspace       used 98615K, committed 99456K, reserved 1179648K
  class space    used 11399K, committed 11776K, reserved 1048576K
}
Event: 174.533 GC heap before
{Heap before GC invocations=169 (full 0):
 garbage-first heap   total 104448K, used 91639K [0x000000070a600000, 0x0000000800000000)
  region size 2048K, 20 young (40960K), 1 survivors (2048K)
 Metaspace       used 98616K, committed 99456K, reserved 1179648K
  class space    used 11399K, committed 11776K, reserved 1048576K
}
Event: 174.534 GC heap after
{Heap after GC invocations=170 (full 0):
 garbage-first heap   total 104448K, used 52727K [0x000000070a600000, 0x0000000800000000)
  region size 2048K, 1 young (2048K), 1 survivors (2048K)
 Metaspace       used 98616K, committed 99456K, reserved 1179648K
  class space    used 11399K, committed 11776K, reserved 1048576K
}
Event: 176.485 GC heap before
{Heap before GC invocations=171 (full 0):
 garbage-first heap   total 104448K, used 91639K [0x000000070a600000, 0x0000000800000000)
  region size 2048K, 20 young (40960K), 1 survivors (2048K)
 Metaspace       used 98616K, committed 99456K, reserved 1179648K
  class space    used 11399K, committed 11776K, reserved 1048576K
}
Event: 176.486 GC heap after
{Heap after GC invocations=172 (full 0):
 garbage-first heap   total 104448K, used 52729K [0x000000070a600000, 0x0000000800000000)
  region size 2048K, 1 young (2048K), 1 survivors (2048K)
 Metaspace       used 98616K, committed 99456K, reserved 1179648K
  class space    used 11399K, committed 11776K, reserved 1048576K
}
Event: 178.529 GC heap before
{Heap before GC invocations=172 (full 0):
 garbage-first heap   total 104448K, used 91641K [0x000000070a600000, 0x0000000800000000)
  region size 2048K, 20 young (40960K), 1 survivors (2048K)
 Metaspace       used 98616K, committed 99456K, reserved 1179648K
  class space    used 11399K, committed 11776K, reserved 1048576K
}
Event: 178.530 GC heap after
{Heap after GC invocations=173 (full 0):
 garbage-first heap   total 104448K, used 52729K [0x000000070a600000, 0x0000000800000000)
  region size 2048K, 1 young (2048K), 1 survivors (2048K)
 Metaspace       used 98616K, committed 99456K, reserved 1179648K
  class space    used 11399K, committed 11776K, reserved 1048576K
}
Event: 180.487 GC heap before
{Heap before GC invocations=174 (full 0):
 garbage-first heap   total 104448K, used 91641K [0x000000070a600000, 0x0000000800000000)
  region size 2048K, 20 young (40960K), 1 survivors (2048K)
 Metaspace       used 98617K, committed 99456K, reserved 1179648K
  class space    used 11399K, committed 11776K, reserved 1048576K
}
Event: 180.487 GC heap after
{Heap after GC invocations=175 (full 0):
 garbage-first heap   total 104448K, used 52731K [0x000000070a600000, 0x0000000800000000)
  region size 2048K, 1 young (2048K), 1 survivors (2048K)
 Metaspace       used 98617K, committed 99456K, reserved 1179648K
  class space    used 11399K, committed 11776K, reserved 1048576K
}

